C51 COMPILER V9.54   MAIN                                                                  12/05/2018 13:25:42 PAGE 1   


C51 COMPILER V9.54, COMPILATION OF MODULE MAIN
OBJECT MODULE PLACED IN .\Objects\main.obj
COMPILER INVOKED BY: C:\Keil_v5\C51\BIN\C51.EXE Src\main.c OPTIMIZE(8,SPEED) BROWSE DEBUG OBJECTEXTEND PRINT(.\Listings\
                    -main.lst) TABS(2) OBJECT(.\Objects\main.obj)

line level    source

   1          #include "sn8f5702.h"
   2          #include "i2c_slave.h"
   3          
   4          extern uint8_t g_cI2cTxBuf[MAX_BUF_LEN];
   5          extern uint8_t g_cI2cRxBuf[MAX_BUF_LEN];  //for test
   6          
   7          /*********************************************************************************************************
             -****
   8          Function: I2C Slave DemoCode
   9          **********************************************************************************************************
             -***/
  10          int Main(void)
  11          {
  12   1        CLKSEL = 0x07;                  // Fcpu = 32M/1
  13   1        CLKCMD = 0x69;
  14   1        CKCON = 0x31;                   // 4 read cycles
  15   1      
  16   1        P0 = 0x00;
  17   1        P0M = 0x00;
  18   1        P0UR = 0xFF;                    // set input with pull-up         
  19   1                
  20   1        P1 = 0x00;
  21   1        P1M = 0x00;
  22   1        P1UR = 0xFF;                    // set input with pull-up         
  23   1                        
  24   1        P2 = 0x00;
  25   1        P2M = 0x00;
  26   1        P2UR = 0xFF;                    // set input with pull-up
  27   1      
  28   1        i2c_slave_init();
  29   1      
  30   1        while(1)
  31   1        {
  32   2          WDTR = 0x5A;                // Clear watch dog
  33   2        }
  34   1      }


MODULE INFORMATION:   STATIC OVERLAYABLE
   CODE SIZE        =     39    ----
   CONSTANT SIZE    =   ----    ----
   XDATA SIZE       =   ----    ----
   PDATA SIZE       =   ----    ----
   DATA SIZE        =   ----    ----
   IDATA SIZE       =   ----    ----
   BIT SIZE         =   ----    ----
END OF MODULE INFORMATION.


C51 COMPILATION COMPLETE.  0 WARNING(S),  0 ERROR(S)
