C51 COMPILER V9.56.0.0   MAIN                                                              01/07/2020 14:31:55 PAGE 1   


C51 COMPILER V9.56.0.0, COMPILATION OF MODULE MAIN
OBJECT MODULE PLACED IN .\Objects\Main.obj
COMPILER INVOKED BY: C:\Keil_v5\C51\BIN\C51.EXE Source\Main.c OPTIMIZE(8,SPEED) BROWSE INCDIR(.\Source;.\Source) DEBUG O
                    -BJECTEXTEND PRINT(.\Listings\Main.lst) TABS(2) OBJECT(.\Objects\Main.obj)

line level    source

   1          //Program Size: data=74.0 xdata=0 code=699
   2          //HexConvertVer = V24
   3          //CheckSum = 0x7275
   4          #include "ADC.h"
   5          
   6          //========================================================================================================
             -=====//
   7          //main loop
   8          //========================================================================================================
             -=====//
   9          void main(void)
  10          {
  11   1        Systeminit();   
  12   1        ADinit(); 
  13   1        while(1)
  14   1        {
  15   2          WDTR = 0x5A;                                          // clear watchdog 
  16   2          ADSample();
  17   2        }
  18   1      }
  19          
  20          //========================================================================================================
             -=====//
  21          // System init
  22          //========================================================================================================
             -=====//
  23          void Systeminit(void)
  24          {
  25   1      //系统时钟寄存器,From 最大跑8M  
  26   1      //====================================================================================//
  27   1        CLKSEL = 0x06;                                        // Fcpu = 32M/2 = 16M
  28   1        CLKCMD = 0x69;        
  29   1        CKCON = 0x10;                                         // From = 8M
  30   1        
  31   1      //清看门狗
  32   1      //====================================================================================//  
  33   1        WDTR = 0x5A;                                           // clear watchdog 
  34   1      
  35   1      //GPIO初始化, 当该IO口设为AD口时,需将该IO的状态设为输入不上拉
  36   1      //====================================================================================//  
  37   1        P0 = 0;
  38   1        P0M = 0;
  39   1        P0UR = 0xff;
  40   1        
  41   1        P1 = 0;
  42   1        P1M = 0;
  43   1        P1UR = 0x00;
  44   1        
  45   1        P2 = 0;
  46   1        P2M = 0;
  47   1        P2UR = 0xff;
  48   1        
  49   1      }

C51 COMPILER V9.56.0.0   MAIN                                                              01/07/2020 14:31:55 PAGE 2   


MODULE INFORMATION:   STATIC OVERLAYABLE
   CODE SIZE        =     48    ----
   CONSTANT SIZE    =   ----    ----
   XDATA SIZE       =   ----    ----
   PDATA SIZE       =   ----    ----
   DATA SIZE        =   ----    ----
   IDATA SIZE       =   ----    ----
   BIT SIZE         =   ----    ----
END OF MODULE INFORMATION.


C51 COMPILATION COMPLETE.  0 WARNING(S),  0 ERROR(S)
