C51 COMPILER V9.56.0.0   MAIN                                                              12/18/2019 14:10:34 PAGE 1   


C51 COMPILER V9.56.0.0, COMPILATION OF MODULE MAIN
OBJECT MODULE PLACED IN .\Objects\Main.obj
COMPILER INVOKED BY: C:\Keil_v5\C51\BIN\C51.EXE Src\Main.c OPTIMIZE(8,SPEED) BROWSE INCDIR(.\Src) DEBUG OBJECTEXTEND PRI
                    -NT(.\Listings\Main.lst) TABS(2) OBJECT(.\Objects\Main.obj)

line level    source

   1          //Program Size: data=17.0 xdata=0 code=371
   2          //HexConvertVer = V22
   3          //CheckSum = 0x5568
   4          //2018.10.09_V3.2
   5          #include "main.h"
   6          
   7          #define   L_ROLLCODEADDR    0x0e00        //需和编译时设置相同    
   8          code uint8_t  r_rollingcode_table[8]  _at_ L_ROLLCODEADDR;
   9          
  10          //========================================================================================================
             -===========//
  11          //main loop
  12          //========================================================================================================
             -===========//
  13          void main(void)
  14          {
  15   1        Systeminit();
  16   1        Rollingcode();  
  17   1        while(1)
  18   1        {
  19   2          WDTR = 0x5A;                    // clear watchdog     
  20   2        }
  21   1      }
  22          
  23          //========================================================================================================
             -===========//
  24          //System init 
  25          //========================================================================================================
             -===========//
  26          void Systeminit(void)
  27          {
  28   1      //系统时钟寄存器,From 最大跑8M  
  29   1      //====================================================================================//
  30   1        CLKSEL = 0x06;                                        // Fcpu = 32M/2 = 16M
  31   1        CLKCMD = 0x69;        
  32   1        CKCON = 0x10;                                         // From = 8M
  33   1      
  34   1      //清看门狗
  35   1      //====================================================================================//  
  36   1        WDTR = 0x5A;                                           // clear watchdog 
  37   1          
  38   1      //GPIO初始化, 
  39   1      //====================================================================================//  
  40   1        P0 = 0;
  41   1        P0M = 0;
  42   1        P0UR = 0xff;
  43   1        
  44   1        P1 = 0;
  45   1        P1M = 0;
  46   1        P1UR = 0xff;
  47   1        
  48   1        P2 = 0;
  49   1        P2M = 0;
  50   1        P2UR = 0xff;  
C51 COMPILER V9.56.0.0   MAIN                                                              12/18/2019 14:10:34 PAGE 2   

  51   1      }
  52          
  53          //========================================================================================================
             -===========//
  54          //Rolling code
  55          //========================================================================================================
             -===========//
  56          void Rollingcode(void)
  57          {
  58   1        uint8_t r_readrolling[8] = {0};
  59   1        uint8_t i;
  60   1        
  61   1        for(i = 0; i < 8; i++)
  62   1        {
  63   2          r_readrolling[i] = r_rollingcode_table[i];
  64   2        }
  65   1      }


MODULE INFORMATION:   STATIC OVERLAYABLE
   CODE SIZE        =     84    ----
   CONSTANT SIZE    =      8    ----
   XDATA SIZE       =   ----    ----
   PDATA SIZE       =   ----    ----
   DATA SIZE        =   ----       8
   IDATA SIZE       =   ----    ----
   BIT SIZE         =   ----    ----
END OF MODULE INFORMATION.


C51 COMPILATION COMPLETE.  0 WARNING(S),  0 ERROR(S)
