C51 COMPILER V9.56.0.0   MAIN                                                              09/30/2018 14:31:29 PAGE 1   


C51 COMPILER V9.56.0.0, COMPILATION OF MODULE MAIN
OBJECT MODULE PLACED IN .\Output\Main.obj
COMPILER INVOKED BY: C:\Keil_v5\C51\BIN\C51.EXE SRC\Main.c OPTIMIZE(8,SPEED) BROWSE DEBUG OBJECTEXTEND PRINT(.\LST\Main.
                    -lst) TABS(2) OBJECT(.\Output\Main.obj)

line level    source

   1          //Program Size: data=9.0 xdata=0 code=100
   2          //HexConvertVer = V22
   3          //CheckSum = 0xC4AB
   4          //2018.10.09_V3.2
   5          
   6          #include "Timer2.h"
   7          //==============================================================================================//
   8          //  main loop
   9          //==============================================================================================//
  10          void main(void)
  11          { 
  12   1        Systeminit(); 
  13   1        Timer2init();   
  14   1        EAL = 1;                      // Golbal Interrupt enable
  15   1        while (1) 
  16   1        {
  17   2          WDTR = 0x5A;                // clear watchdog if watchdog enable
  18   2        }
  19   1      }
  20          
  21          //==============================================================================================//
  22          //  System init
  23          //==============================================================================================//
  24          void Systeminit(void)
  25          { 
  26   1      //系统时钟寄存器,From 最大跑8M  
  27   1      //====================================================================================//
  28   1        CLKSEL = 0x06;                  // Fcpu = 32M/2 = 16M
  29   1        CLKCMD = 0x69;        
  30   1        CKCON = 0x10;                   // From = 8M
  31   1      
  32   1        //清看门狗
  33   1      //====================================================================================//  
  34   1        WDTR = 0x5A;                    // clear watchdog 
  35   1        
  36   1      //GPIO初始化, P24,P26输出低,检测定时是否正确
  37   1      //====================================================================================//  
  38   1        P0 = 0;
  39   1        P0M = 0;
  40   1        P0UR = 0xff;
  41   1        
  42   1        P1 = 0;
  43   1        P1M = 0x50;                  // P1.4/P1.6 as output low
  44   1        P1UR = 0xaf;
  45   1        
  46   1        P2 = 0;
  47   1        P2M = 0;
  48   1        P2UR = 0xff;
  49   1      
  50   1      
  51   1        
  52   1      }
  53          

C51 COMPILER V9.56.0.0   MAIN                                                              09/30/2018 14:31:29 PAGE 2   


MODULE INFORMATION:   STATIC OVERLAYABLE
   CODE SIZE        =     49    ----
   CONSTANT SIZE    =   ----    ----
   XDATA SIZE       =   ----    ----
   PDATA SIZE       =   ----    ----
   DATA SIZE        =   ----    ----
   IDATA SIZE       =   ----    ----
   BIT SIZE         =   ----    ----
END OF MODULE INFORMATION.


C51 COMPILATION COMPLETE.  0 WARNING(S),  0 ERROR(S)
