C51 COMPILER V9.56.0.0   TIMER2                                                            09/30/2018 14:31:30 PAGE 1   


C51 COMPILER V9.56.0.0, COMPILATION OF MODULE TIMER2
OBJECT MODULE PLACED IN .\Output\Timer2.obj
COMPILER INVOKED BY: C:\Keil_v5\C51\BIN\C51.EXE SRC\Timer2.c OPTIMIZE(8,SPEED) BROWSE DEBUG OBJECTEXTEND PRINT(.\LST\Tim
                    -er2.lst) TABS(2) OBJECT(.\Output\Timer2.obj)

line level    source

   1          
   2          #include "Timer2.h"
   3          
   4          //==============================================================================================//
   5          //  Timer2 init
   6          //==============================================================================================//
   7          void Timer2init(void)
   8          {
   9   1        T2CON = 0x01;                 //Fclk = Fcpu/12 = 16M/12
  10   1        TH2 = L_TH2_VALUE;            // Initial values
  11   1        TL2 = L_TL2_VALUE;            // T0RATE is Fhosc/128 = 250K                   
  12   1        ET2 = 1;                                                    
  13   1      }
  14          
  15          //==============================================================================================//
  16          //  Timer1 ISR
  17          //==============================================================================================//
  18          void Timer2ISR(void) interrupt ISRTimer2   // Vector @  0x1B
  19          { 
  20   1          TF2 = 0;                  // Clear Timer2 overflow flag  
  21   1        
  22   1          TH2 = L_TH2_VALUE;        // Initial values
  23   1          TL2 = L_TL2_VALUE;
  24   1        
  25   1          P14 = ~ P14;              // P1.4 toggle
  26   1      }


MODULE INFORMATION:   STATIC OVERLAYABLE
   CODE SIZE        =     23    ----
   CONSTANT SIZE    =   ----    ----
   XDATA SIZE       =   ----    ----
   PDATA SIZE       =   ----    ----
   DATA SIZE        =   ----    ----
   IDATA SIZE       =   ----    ----
   BIT SIZE         =   ----    ----
END OF MODULE INFORMATION.


C51 COMPILATION COMPLETE.  0 WARNING(S),  0 ERROR(S)
