C51 COMPILER V9.56.0.0   MAIN                                                              09/30/2018 15:08:39 PAGE 1   


C51 COMPILER V9.56.0.0, COMPILATION OF MODULE MAIN
OBJECT MODULE PLACED IN .\Output\Main.obj
COMPILER INVOKED BY: C:\Keil_v5\C51\BIN\C51.EXE SRC\Main.c OPTIMIZE(8,SPEED) BROWSE INCDIR(.\SRC) DEBUG OBJECTEXTEND PRI
                    -NT(.\LST\Main.lst) TABS(2) OBJECT(.\Output\Main.obj)

line level    source

   1          //Program Size: data=53.2 xdata=0 code=710
   2          //HexConvertVer = V22
   3          //CheckSum = 0x6C60
   4          //2018.10.09_V3.2
   5          #include "Main.h"
   6          #include "UART.h"
   7          #include "Timer0.h"
   8          
   9          //========================================================================================================
             -=====//
  10          // main loop
  11          //========================================================================================================
             -=====//
  12          void main(void)
  13          {
  14   1      
  15   1        Systeminit();                                         //系统初始化
  16   1        Timer0init();                                         //T0初始化
  17   1        UART3init();                                          //UART1初始化
  18   1        EAL = 1;                                              //使能总中断
  19   1        while(1)
  20   1        {
  21   2          WDTR = 0x5a;
  22   2          UARTrespond();                                      
  23   2        } 
  24   1      }
  25          
  26          //========================================================================================================
             -=====//
  27          // System init
  28          //========================================================================================================
             -=====//
  29          void Systeminit(void)
  30          { 
  31   1      //系统时钟寄存器,From 最大跑8M  
  32   1      //====================================================================================//
  33   1        CLKSEL = 0x07;                                        // Fcpu = 32M/2 = 16M
  34   1        CLKCMD = 0x69;        
  35   1        CKCON = 0x30;                                         // From = 8M
  36   1      
  37   1      //清看门狗
  38   1      //====================================================================================//  
  39   1        WDTR = 0x5A;                                           // clear watchdog 
  40   1        
  41   1      //GPIO初始化, UTX(P05)初始化输出高,URX(P06)初始化输入上拉模式
  42   1      //====================================================================================//  
  43   1        P0 = 0x20;
  44   1        P0M = 0x20;
  45   1        P0UR = 0xff;
  46   1        
  47   1        P1 = 0;
  48   1        P1M = 0;
  49   1        P1UR = 0xff;
  50   1        
C51 COMPILER V9.56.0.0   MAIN                                                              09/30/2018 15:08:39 PAGE 2   

  51   1        P2 = 0;
  52   1        P2M = 0;
  53   1        P2UR = 0xff;    
  54   1      }


MODULE INFORMATION:   STATIC OVERLAYABLE
   CODE SIZE        =     56    ----
   CONSTANT SIZE    =   ----    ----
   XDATA SIZE       =   ----    ----
   PDATA SIZE       =   ----    ----
   DATA SIZE        =   ----    ----
   IDATA SIZE       =   ----    ----
   BIT SIZE         =   ----    ----
END OF MODULE INFORMATION.


C51 COMPILATION COMPLETE.  0 WARNING(S),  0 ERROR(S)
