C51 COMPILER V9.56.0.0   MAIN                                                              09/30/2018 14:31:18 PAGE 1   


C51 COMPILER V9.56.0.0, COMPILATION OF MODULE MAIN
OBJECT MODULE PLACED IN .\Output\Main.obj
COMPILER INVOKED BY: C:\Keil_v5\C51\BIN\C51.EXE SRC\Main.c OPTIMIZE(8,SPEED) BROWSE DEBUG OBJECTEXTEND PRINT(.\LST\Main.
                    -lst) TABS(2) OBJECT(.\Output\Main.obj)

line level    source

   1          //Program Size: data=9.0 xdata=0 code=97
   2          //HexConvertVer = V22
   3          //CheckSum = 0xC4D6
   4          //2018.10.09_V3.2
   5          
   6          #include "Timer1.h"
   7          
   8          //========================================================================================================
             -=====//
   9          //main loop
  10          //========================================================================================================
             -=====//
  11          void main(void)
  12          { 
  13   1        Systeminit(); 
  14   1        Timer1init();   
  15   1        EAL = 1;                      // Golbal Interrupt enable
  16   1        while (1) 
  17   1        {
  18   2          WDTR = 0x5A;                // clear watchdog if watchdog enable
  19   2        }
  20   1      }
  21          
  22          //==============================================================================================//
  23          //  Systeminit
  24          //==============================================================================================//
  25          void Systeminit(void)
  26          {
  27   1      //系统时钟寄存器,From 最大跑8M  
  28   1      //====================================================================================//
  29   1        CLKSEL = 0x06;                  // Fcpu = 32M/2 = 16M
  30   1        CLKCMD = 0x69;        
  31   1        CKCON = 0x10;                   // From = 8M
  32   1        
  33   1      //清看门狗
  34   1      //====================================================================================//  
  35   1        WDTR = 0x5A;                    // clear watchdog   
  36   1      
  37   1      //GPIO初始化, P24,P26输出低,检测定时是否正确
  38   1      //====================================================================================//  
  39   1        P0 = 0;
  40   1        P0M = 0;
  41   1        P0UR = 0xff;
  42   1      
  43   1        P1 = 0;
  44   1        P1M = 0x50;                 // P1.4/P1.6 as output low
  45   1        P1UR = 0xaf;
  46   1        
  47   1        P2 = 0;
  48   1        P2M = 0;
  49   1        P2UR = 0xff;
  50   1      }


C51 COMPILER V9.56.0.0   MAIN                                                              09/30/2018 14:31:18 PAGE 2   

MODULE INFORMATION:   STATIC OVERLAYABLE
   CODE SIZE        =     49    ----
   CONSTANT SIZE    =   ----    ----
   XDATA SIZE       =   ----    ----
   PDATA SIZE       =   ----    ----
   DATA SIZE        =   ----    ----
   IDATA SIZE       =   ----    ----
   BIT SIZE         =   ----    ----
END OF MODULE INFORMATION.


C51 COMPILATION COMPLETE.  0 WARNING(S),  0 ERROR(S)
