C51 COMPILER V9.56.0.0   TIMER1                                                            09/30/2018 14:31:18 PAGE 1   


C51 COMPILER V9.56.0.0, COMPILATION OF MODULE TIMER1
OBJECT MODULE PLACED IN .\Output\Timer1.obj
COMPILER INVOKED BY: C:\Keil_v5\C51\BIN\C51.EXE SRC\Timer1.c OPTIMIZE(8,SPEED) BROWSE DEBUG OBJECTEXTEND PRINT(.\LST\Tim
                    -er1.lst) TABS(2) OBJECT(.\Output\Timer1.obj)

line level    source

   1          //  The program is an example of Timer0 to implement it.
   2          //  you can select mode0~3 by "#define MODE Mode0~3"      
   3          //  Timer 1 function List:
   4          //      1. Mode 0 : 13-bit timer
   5          //      2. Mode 1 : 16-bit timer
   6          //      3. Mode 2 : 8 -bit auto-reload Timer
   7          
   8          #include "Timer1.h"
   9          
  10          //==============================================================================================//
  11          //  Timer1 init
  12          //==============================================================================================//
  13          void Timer1init(void)
  14          {
  15   1        TMOD = L_TMOD_VALUE;          // Mode of Timer 0 
  16   1        TCON0 = L_TCON0_VALUE;        // T0EXT = Fhosc.
  17   1        TH1 = L_TH1_VALUE;            // Initial values
  18   1        TL1 = L_TL1_VALUE;            // T0RATE is Fhosc/128 = 250K 
  19   1        TR1 = 1;                      // Timer 0 enable
  20   1        ET1 = 1;                                                    
  21   1      }
  22          
  23          //==============================================================================================//
  24          //  Timer1 ISR
  25          //==============================================================================================//
  26          void Timer1ISR(void) interrupt ISRTimer1   
  27          { 
  28   1      #if L_MODE != L_MODEL2
                  TL1 = L_TL1_VALUE;          // timer1 used
                  TH1 = L_TH1_VALUE;  
              #endif  
  32   1          P14 = ~ P14;                // P1.4 toggle
  33   1      }
  34          
  35          


MODULE INFORMATION:   STATIC OVERLAYABLE
   CODE SIZE        =     20    ----
   CONSTANT SIZE    =   ----    ----
   XDATA SIZE       =   ----    ----
   PDATA SIZE       =   ----    ----
   DATA SIZE        =   ----    ----
   IDATA SIZE       =   ----    ----
   BIT SIZE         =   ----    ----
END OF MODULE INFORMATION.


C51 COMPILATION COMPLETE.  0 WARNING(S),  0 ERROR(S)
