C51 COMPILER V9.54   MAIN                                                                  11/06/2018 16:50:35 PAGE 1   


C51 COMPILER V9.54, COMPILATION OF MODULE MAIN
OBJECT MODULE PLACED IN .\Objects\main.obj
COMPILER INVOKED BY: C:\Keil_v5\C51\BIN\C51.EXE Src\main.c OPTIMIZE(8,SPEED) BROWSE DEBUG OBJECTEXTEND PRINT(.\Listings\
                    -main.lst) TABS(2) OBJECT(.\Objects\main.obj)

line level    source

   1          #include "sn8f5702.h"
   2          #include "mspi.h"
   3          #include "w25q.h"
   4          /**********************************************************************************/
   5          #define DATA_ADDR   0                                 //for test
   6          uint8_t g_cTxData [8] = {1, 2, 3, 4, 5, 6, 7, 8};     //for test
   7          uint8_t g_cRxBuf [8];                                 //for test
   8          /*********************************************************************************************************
             -****
   9          Function: SPI Master DemoCode
  10          **********************************************************************************************************
             -***/
  11          int Main(void)
  12          {
  13   1        CLKSEL = 0x07;                // Fcpu = 32M / 1 = 32M
  14   1        CLKCMD = 0x69;
  15   1        CKCON = 0x30;                 // IROM run at 8 MHz
  16   1      
  17   1        P0 = 0x00;
  18   1        P0M = 0x00;
  19   1        P0UR = 0xFF;
  20   1      
  21   1        P1 = 0x00;
  22   1        P1M = 0x00;
  23   1        P1UR = 0xFF;
  24   1      
  25   1        P2 = 0x00;
  26   1        P2M = 0x00;
  27   1        P2UR = 0xFF;
  28   1      
  29   1        spi_master_init();
  30   1      
  31   1        while (1)
  32   1        {
  33   2          WDTR = 0x5A;              // clear watchdog
  34   2      
  35   2      //    w25q_read_id();           // Read W25Q ID
  36   2          
  37   2          w25q_write_256bytes(DATA_ADDR,g_cTxData, sizeof(g_cTxData)); // Write Data
  38   2          
  39   2          w25q_read_data(DATA_ADDR,g_cRxBuf,sizeof(g_cRxBuf));         // Read Data
  40   2        }
  41   1      }


MODULE INFORMATION:   STATIC OVERLAYABLE
   CODE SIZE        =     85    ----
   CONSTANT SIZE    =   ----    ----
   XDATA SIZE       =   ----    ----
   PDATA SIZE       =   ----    ----
   DATA SIZE        =     16    ----
   IDATA SIZE       =   ----    ----
   BIT SIZE         =   ----    ----
END OF MODULE INFORMATION.

C51 COMPILER V9.54   MAIN                                                                  11/06/2018 16:50:35 PAGE 2   


C51 COMPILATION COMPLETE.  0 WARNING(S),  0 ERROR(S)
